<?xml version="1.0" encoding="UTF-8"?>
<coverage generated="1759282250106" clover="3.2.0">
  <project timestamp="1759282250106" name="All files">
    <metrics statements="96" coveredstatements="73" conditionals="65" coveredconditionals="56" methods="21" coveredmethods="15" elements="182" coveredelements="144" complexity="0" loc="96" ncloc="96" packages="4" files="7" classes="7"/>
    <package name="app">
      <metrics statements="4" coveredstatements="0" conditionals="0" coveredconditionals="0" methods="1" coveredmethods="0"/>
      <file name="page.tsx" path="C:\Users\YJ413NP\Documents\orasis-tech-challenges\dashboard-app\src\app\page.tsx">
        <metrics statements="4" coveredstatements="0" conditionals="0" coveredconditionals="0" methods="1" coveredmethods="0"/>
        <line num="1" count="0" type="stmt"/>
        <line num="3" count="0" type="stmt"/>
        <line num="4" count="0" type="stmt"/>
        <line num="7" count="0" type="stmt"/>
      </file>
    </package>
    <package name="components">
      <metrics statements="38" coveredstatements="33" conditionals="39" coveredconditionals="35" methods="7" coveredmethods="6"/>
      <file name="Dashboard.tsx" path="C:\Users\YJ413NP\Documents\orasis-tech-challenges\dashboard-app\src\components\Dashboard.tsx">
        <metrics statements="14" coveredstatements="14" conditionals="17" coveredconditionals="17" methods="2" coveredmethods="2"/>
        <line num="3" count="1" type="stmt"/>
        <line num="4" count="1" type="stmt"/>
        <line num="5" count="1" type="stmt"/>
        <line num="6" count="1" type="stmt"/>
        <line num="7" count="1" type="stmt"/>
        <line num="9" count="7" type="stmt"/>
        <line num="10" count="7" type="stmt"/>
        <line num="12" count="7" type="stmt"/>
        <line num="22" count="7" type="stmt"/>
        <line num="27" count="7" type="cond" truecount="3" falsecount="0"/>
        <line num="31" count="6" type="cond" truecount="3" falsecount="0"/>
        <line num="35" count="5" type="cond" truecount="1" falsecount="0"/>
        <line num="39" count="4" type="stmt"/>
        <line num="121" count="16" type="stmt"/>
      </file>
      <file name="ErrorMessage.tsx" path="C:\Users\YJ413NP\Documents\orasis-tech-challenges\dashboard-app\src\components\ErrorMessage.tsx">
        <metrics statements="2" coveredstatements="2" conditionals="1" coveredconditionals="1" methods="1" coveredmethods="1"/>
        <line num="3" count="1" type="stmt"/>
        <line num="10" count="3" type="stmt"/>
      </file>
      <file name="LoadingSpinner.tsx" path="C:\Users\YJ413NP\Documents\orasis-tech-challenges\dashboard-app\src\components\LoadingSpinner.tsx">
        <metrics statements="4" coveredstatements="4" conditionals="2" coveredconditionals="2" methods="1" coveredmethods="1"/>
        <line num="3" count="1" type="stmt"/>
        <line num="10" count="4" type="cond" truecount="1" falsecount="0"/>
        <line num="11" count="4" type="stmt"/>
        <line num="17" count="4" type="stmt"/>
      </file>
      <file name="MetricCard.tsx" path="C:\Users\YJ413NP\Documents\orasis-tech-challenges\dashboard-app\src\components\MetricCard.tsx">
        <metrics statements="18" coveredstatements="13" conditionals="19" coveredconditionals="15" methods="3" coveredmethods="2"/>
        <line num="3" count="1" type="stmt"/>
        <line num="4" count="1" type="stmt"/>
        <line num="6" count="1" type="stmt"/>
        <line num="8" count="7" type="stmt"/>
        <line num="16" count="7" type="stmt"/>
        <line num="17" count="7" type="cond" truecount="2" falsecount="0"/>
        <line num="19" count="7" type="stmt"/>
        <line num="20" count="7" type="cond" truecount="3" falsecount="0"/>
        <line num="22" count="4" type="stmt"/>
        <line num="23" count="4" type="stmt"/>
        <line num="25" count="4" type="stmt"/>
        <line num="26" count="0" type="cond" truecount="0" falsecount="1"/>
        <line num="27" count="0" type="stmt"/>
        <line num="28" count="0" type="stmt"/>
        <line num="29" count="0" type="cond" truecount="0" falsecount="1"/>
        <line num="30" count="0" type="stmt"/>
        <line num="34" count="4" type="stmt"/>
        <line num="37" count="7" type="stmt"/>
      </file>
    </package>
    <package name="hooks">
      <metrics statements="35" coveredstatements="22" conditionals="10" coveredconditionals="5" methods="8" coveredmethods="4"/>
      <file name="useDashboard.ts" path="C:\Users\YJ413NP\Documents\orasis-tech-challenges\dashboard-app\src\hooks\useDashboard.ts">
        <metrics statements="35" coveredstatements="22" conditionals="10" coveredconditionals="5" methods="8" coveredmethods="4"/>
        <line num="1" count="2" type="stmt"/>
        <line num="3" count="2" type="stmt"/>
        <line num="12" count="7" type="cond" truecount="0" falsecount="1"/>
        <line num="13" count="6" type="stmt"/>
        <line num="14" count="6" type="stmt"/>
        <line num="15" count="6" type="stmt"/>
        <line num="17" count="6" type="stmt"/>
        <line num="18" count="3" type="stmt"/>
        <line num="19" count="3" type="stmt"/>
        <line num="20" count="3" type="stmt"/>
        <line num="22" count="2" type="cond" truecount="4" falsecount="0"/>
        <line num="23" count="1" type="stmt"/>
        <line num="25" count="1" type="cond" truecount="1" falsecount="1"/>
        <line num="28" count="1" type="stmt"/>
        <line num="30" count="3" type="stmt"/>
        <line num="34" count="6" type="stmt"/>
        <line num="35" count="0" type="stmt"/>
        <line num="36" count="0" type="stmt"/>
        <line num="39" count="6" type="stmt"/>
        <line num="40" count="3" type="stmt"/>
        <line num="42" count="3" type="stmt"/>
        <line num="44" count="3" type="stmt"/>
        <line num="47" count="6" type="stmt"/>
        <line num="50" count="1" type="cond" truecount="0" falsecount="1"/>
        <line num="51" count="0" type="stmt"/>
        <line num="53" count="0" type="stmt"/>
        <line num="54" count="0" type="stmt"/>
        <line num="55" count="0" type="stmt"/>
        <line num="56" count="0" type="cond" truecount="0" falsecount="1"/>
        <line num="57" count="0" type="stmt"/>
        <line num="58" count="0" type="stmt"/>
        <line num="59" count="0" type="cond" truecount="0" falsecount="1"/>
        <line num="60" count="0" type="stmt"/>
        <line num="63" count="0" type="stmt"/>
        <line num="66" count="0" type="stmt"/>
      </file>
    </package>
    <package name="utils">
      <metrics statements="19" coveredstatements="18" conditionals="16" coveredconditionals="16" methods="5" coveredmethods="5"/>
      <file name="api.ts" path="C:\Users\YJ413NP\Documents\orasis-tech-challenges\dashboard-app\src\utils\api.ts">
        <metrics statements="19" coveredstatements="18" conditionals="16" coveredconditionals="16" methods="5" coveredmethods="5"/>
        <line num="3" count="5" type="stmt"/>
        <line num="4" count="4" type="stmt"/>
        <line num="5" count="4" type="stmt"/>
        <line num="7" count="4" type="stmt"/>
        <line num="22" count="4" type="stmt"/>
        <line num="23" count="4" type="stmt"/>
        <line num="24" count="4" type="stmt"/>
        <line num="26" count="4" type="stmt"/>
        <line num="31" count="0" type="stmt"/>
        <line num="38" count="4" type="stmt"/>
        <line num="39" count="5" type="stmt"/>
        <line num="42" count="19" type="stmt"/>
        <line num="43" count="18" type="cond" truecount="1" falsecount="0"/>
        <line num="44" count="2" type="stmt"/>
        <line num="46" count="16" type="cond" truecount="1" falsecount="0"/>
        <line num="47" count="8" type="stmt"/>
        <line num="49" count="8" type="stmt"/>
        <line num="52" count="3" type="stmt"/>
        <line num="53" count="2" type="stmt"/>
      </file>
    </package>
  </project>
</coverage>
