{"C:\\Users\\YJ413NP\\Documents\\orasis-tech-challenges\\dashboard-app\\src\\app\\page.tsx": {"path":"C:\\Users\\YJ413NP\\Documents\\orasis-tech-challenges\\dashboard-app\\src\\app\\page.tsx","statementMap":{"0":{"start":{"line":3,"column":24},"end":{"line":3,"column":null}},"1":{"start":{"line":7,"column":13},"end":{"line":7,"column":21}},"2":{"start":{"line":1,"column":22},"end":{"line":1,"column":null}},"3":{"start":{"line":4,"column":2},"end":{"line":4,"column":null}},"4":{"start":{"line":7,"column":24},"end":{"line":10,"column":null}}},"fnMap":{"0":{"name":"Home","decl":{"start":{"line":3,"column":24},"end":{"line":3,"column":null}},"loc":{"start":{"line":3,"column":24},"end":{"line":5,"column":1}}}},"branchMap":{},"s":{"0":0,"1":0,"2":0,"3":0,"4":0},"f":{"0":0},"b":{}}
,"C:\\Users\\YJ413NP\\Documents\\orasis-tech-challenges\\dashboard-app\\src\\components\\Dashboard.tsx": {"path":"C:\\Users\\YJ413NP\\Documents\\orasis-tech-challenges\\dashboard-app\\src\\components\\Dashboard.tsx","statementMap":{"0":{"start":{"line":9,"column":24},"end":{"line":9,"column":null}},"1":{"start":{"line":3,"column":23},"end":{"line":3,"column":null}},"2":{"start":{"line":4,"column":29},"end":{"line":4,"column":null}},"3":{"start":{"line":5,"column":23},"end":{"line":5,"column":null}},"4":{"start":{"line":6,"column":27},"end":{"line":6,"column":null}},"5":{"start":{"line":7,"column":25},"end":{"line":7,"column":null}},"6":{"start":{"line":10,"column":44},"end":{"line":10,"column":null}},"7":{"start":{"line":12,"column":28},"end":{"line":20,"column":null}},"8":{"start":{"line":22,"column":25},"end":{"line":25,"column":null}},"9":{"start":{"line":27,"column":2},"end":{"line":29,"column":null}},"10":{"start":{"line":31,"column":2},"end":{"line":33,"column":null}},"11":{"start":{"line":35,"column":2},"end":{"line":37,"column":null}},"12":{"start":{"line":39,"column":18},"end":{"line":68,"column":null}},"13":{"start":{"line":121,"column":12},"end":{"line":122,"column":null}}},"fnMap":{"0":{"name":"Dashboard","decl":{"start":{"line":9,"column":24},"end":{"line":9,"column":null}},"loc":{"start":{"line":9,"column":24},"end":{"line":192,"column":null}}},"1":{"name":"(anonymous_3)","decl":{"start":{"line":120,"column":23},"end":{"line":120,"column":24}},"loc":{"start":{"line":121,"column":12},"end":{"line":122,"column":null}}}},"branchMap":{"0":{"loc":{"start":{"line":27,"column":2},"end":{"line":29,"column":null}},"type":"if","locations":[{"start":{"line":27,"column":2},"end":{"line":29,"column":null}}]},"1":{"loc":{"start":{"line":27,"column":6},"end":{"line":27,"column":24}},"type":"binary-expr","locations":[{"start":{"line":27,"column":6},"end":{"line":27,"column":17}},{"start":{"line":27,"column":17},"end":{"line":27,"column":24}}]},"2":{"loc":{"start":{"line":31,"column":2},"end":{"line":33,"column":null}},"type":"if","locations":[{"start":{"line":31,"column":2},"end":{"line":33,"column":null}}]},"3":{"loc":{"start":{"line":31,"column":6},"end":{"line":31,"column":22}},"type":"binary-expr","locations":[{"start":{"line":31,"column":6},"end":{"line":31,"column":15}},{"start":{"line":31,"column":15},"end":{"line":31,"column":22}}]},"4":{"loc":{"start":{"line":35,"column":2},"end":{"line":37,"column":null}},"type":"if","locations":[{"start":{"line":35,"column":2},"end":{"line":37,"column":null}}]},"5":{"loc":{"start":{"line":56,"column":13},"end":{"line":56,"column":null}},"type":"binary-expr","locations":[{"start":{"line":56,"column":13},"end":{"line":56,"column":40}},{"start":{"line":56,"column":44},"end":{"line":56,"column":null}}]},"6":{"loc":{"start":{"line":63,"column":13},"end":{"line":63,"column":null}},"type":"binary-expr","locations":[{"start":{"line":63,"column":13},"end":{"line":63,"column":37}},{"start":{"line":63,"column":41},"end":{"line":63,"column":null}}]},"7":{"loc":{"start":{"line":107,"column":44},"end":{"line":107,"column":74}},"type":"cond-expr","locations":[{"start":{"line":107,"column":54},"end":{"line":107,"column":71}},{"start":{"line":107,"column":71},"end":{"line":107,"column":74}}]},"8":{"loc":{"start":{"line":108,"column":19},"end":{"line":108,"column":null}},"type":"cond-expr","locations":[{"start":{"line":108,"column":29},"end":{"line":108,"column":35}},{"start":{"line":108,"column":35},"end":{"line":108,"column":null}}]},"9":{"loc":{"start":{"line":171,"column":19},"end":{"line":171,"column":52}},"type":"binary-expr","locations":[{"start":{"line":171,"column":19},"end":{"line":171,"column":43}},{"start":{"line":171,"column":47},"end":{"line":171,"column":52}}]}},"s":{"0":7,"1":1,"2":1,"3":1,"4":1,"5":1,"6":7,"7":7,"8":7,"9":7,"10":6,"11":5,"12":4,"13":16},"f":{"0":7,"1":16},"b":{"0":[1],"1":[7,2],"2":[1],"3":[6,1],"4":[1],"5":[4,1],"6":[4,1],"7":[1,3],"8":[1,3],"9":[4,1]}}
,"C:\\Users\\YJ413NP\\Documents\\orasis-tech-challenges\\dashboard-app\\src\\components\\ErrorMessage.tsx": {"path":"C:\\Users\\YJ413NP\\Documents\\orasis-tech-challenges\\dashboard-app\\src\\components\\ErrorMessage.tsx","statementMap":{"0":{"start":{"line":10,"column":24},"end":{"line":10,"column":37}},"1":{"start":{"line":3,"column":23},"end":{"line":3,"column":null}}},"fnMap":{"0":{"name":"ErrorMessage","decl":{"start":{"line":10,"column":24},"end":{"line":10,"column":37}},"loc":{"start":{"line":10,"column":76},"end":{"line":38,"column":null}}}},"branchMap":{"0":{"loc":{"start":{"line":24,"column":7},"end":{"line":24,"column":null}},"type":"binary-expr","locations":[{"start":{"line":24,"column":7},"end":{"line":24,"column":null}}]}},"s":{"0":3,"1":1},"f":{"0":3},"b":{"0":[3]}}
,"C:\\Users\\YJ413NP\\Documents\\orasis-tech-challenges\\dashboard-app\\src\\components\\LoadingSpinner.tsx": {"path":"C:\\Users\\YJ413NP\\Documents\\orasis-tech-challenges\\dashboard-app\\src\\components\\LoadingSpinner.tsx","statementMap":{"0":{"start":{"line":10,"column":24},"end":{"line":10,"column":39}},"1":{"start":{"line":3,"column":23},"end":{"line":3,"column":null}},"2":{"start":{"line":11,"column":22},"end":{"line":15,"column":null}},"3":{"start":{"line":17,"column":23},"end":{"line":26,"column":null}}},"fnMap":{"0":{"name":"LoadingSpinner","decl":{"start":{"line":10,"column":24},"end":{"line":10,"column":39}},"loc":{"start":{"line":10,"column":81},"end":{"line":49,"column":null}}}},"branchMap":{"0":{"loc":{"start":{"line":10,"column":41},"end":{"line":10,"column":52}},"type":"default-arg","locations":[{"start":{"line":10,"column":48},"end":{"line":10,"column":52}}]},"1":{"loc":{"start":{"line":37,"column":7},"end":{"line":37,"column":null}},"type":"binary-expr","locations":[{"start":{"line":37,"column":7},"end":{"line":37,"column":null}}]}},"s":{"0":4,"1":1,"2":4,"3":4},"f":{"0":4},"b":{"0":[2],"1":[4]}}
,"C:\\Users\\YJ413NP\\Documents\\orasis-tech-challenges\\dashboard-app\\src\\components\\MetricCard.tsx": {"path":"C:\\Users\\YJ413NP\\Documents\\orasis-tech-challenges\\dashboard-app\\src\\components\\MetricCard.tsx","statementMap":{"0":{"start":{"line":8,"column":24},"end":{"line":8,"column":35}},"1":{"start":{"line":3,"column":36},"end":{"line":3,"column":null}},"2":{"start":{"line":4,"column":23},"end":{"line":4,"column":null}},"3":{"start":{"line":6,"column":29},"end":{"line":6,"column":null}},"4":{"start":{"line":16,"column":42},"end":{"line":16,"column":null}},"5":{"start":{"line":17,"column":23},"end":{"line":17,"column":null}},"6":{"start":{"line":19,"column":2},"end":{"line":35,"column":null}},"7":{"start":{"line":20,"column":4},"end":{"line":20,"column":null}},"8":{"start":{"line":20,"column":42},"end":{"line":20,"column":null}},"9":{"start":{"line":22,"column":40},"end":{"line":22,"column":null}},"10":{"start":{"line":23,"column":21},"end":{"line":23,"column":null}},"11":{"start":{"line":25,"column":17},"end":{"line":32,"column":null}},"12":{"start":{"line":26,"column":6},"end":{"line":26,"column":null}},"13":{"start":{"line":26,"column":27},"end":{"line":26,"column":null}},"14":{"start":{"line":27,"column":23},"end":{"line":27,"column":null}},"15":{"start":{"line":28,"column":6},"end":{"line":28,"column":null}},"16":{"start":{"line":29,"column":6},"end":{"line":31,"column":null}},"17":{"start":{"line":30,"column":8},"end":{"line":30,"column":null}},"18":{"start":{"line":34,"column":4},"end":{"line":34,"column":null}},"19":{"start":{"line":37,"column":23},"end":{"line":41,"column":null}}},"fnMap":{"0":{"name":"MetricCard","decl":{"start":{"line":8,"column":24},"end":{"line":8,"column":35}},"loc":{"start":{"line":15,"column":18},"end":{"line":114,"column":null}}},"1":{"name":"(anonymous_2)","decl":{"start":{"line":19,"column":12},"end":{"line":19,"column":null}},"loc":{"start":{"line":19,"column":12},"end":{"line":35,"column":5}}},"2":{"name":"(anonymous_3)","decl":{"start":{"line":25,"column":17},"end":{"line":25,"column":18}},"loc":{"start":{"line":25,"column":18},"end":{"line":32,"column":null}}}},"branchMap":{"0":{"loc":{"start":{"line":14,"column":2},"end":{"line":14,"column":19}},"type":"default-arg","locations":[{"start":{"line":14,"column":14},"end":{"line":14,"column":19}}]},"1":{"loc":{"start":{"line":17,"column":23},"end":{"line":17,"column":null}},"type":"cond-expr","locations":[{"start":{"line":17,"column":51},"end":{"line":17,"column":73}},{"start":{"line":17,"column":73},"end":{"line":17,"column":null}}]},"2":{"loc":{"start":{"line":20,"column":4},"end":{"line":20,"column":null}},"type":"if","locations":[{"start":{"line":20,"column":4},"end":{"line":20,"column":null}}]},"3":{"loc":{"start":{"line":20,"column":8},"end":{"line":20,"column":42}},"type":"binary-expr","locations":[{"start":{"line":20,"column":8},"end":{"line":20,"column":21}},{"start":{"line":20,"column":21},"end":{"line":20,"column":42}}]},"4":{"loc":{"start":{"line":26,"column":6},"end":{"line":26,"column":null}},"type":"if","locations":[{"start":{"line":26,"column":6},"end":{"line":26,"column":null}}]},"5":{"loc":{"start":{"line":29,"column":6},"end":{"line":31,"column":null}},"type":"if","locations":[{"start":{"line":29,"column":6},"end":{"line":31,"column":null}}]},"6":{"loc":{"start":{"line":52,"column":10},"end":{"line":52,"column":43}},"type":"cond-expr","locations":[{"start":{"line":52,"column":22},"end":{"line":52,"column":40}},{"start":{"line":52,"column":40},"end":{"line":52,"column":43}}]},"7":{"loc":{"start":{"line":70,"column":11},"end":{"line":70,"column":null}},"type":"binary-expr","locations":[{"start":{"line":70,"column":11},"end":{"line":70,"column":null}}]},"8":{"loc":{"start":{"line":73,"column":16},"end":{"line":73,"column":69}},"type":"cond-expr","locations":[{"start":{"line":73,"column":35},"end":{"line":73,"column":54}},{"start":{"line":73,"column":54},"end":{"line":73,"column":69}}]},"9":{"loc":{"start":{"line":76,"column":17},"end":{"line":76,"column":null}},"type":"cond-expr","locations":[{"start":{"line":76,"column":36},"end":{"line":76,"column":42}},{"start":{"line":76,"column":42},"end":{"line":76,"column":null}}]},"10":{"loc":{"start":{"line":88,"column":11},"end":{"line":93,"column":null}},"type":"cond-expr","locations":[{"start":{"line":89,"column":12},"end":{"line":91,"column":13}},{"start":{"line":91,"column":12},"end":{"line":93,"column":null}}]},"11":{"loc":{"start":{"line":107,"column":30},"end":{"line":107,"column":56}},"type":"cond-expr","locations":[{"start":{"line":107,"column":42},"end":{"line":107,"column":49}},{"start":{"line":107,"column":49},"end":{"line":107,"column":56}}]}},"s":{"0":7,"1":1,"2":1,"3":1,"4":7,"5":7,"6":7,"7":7,"8":3,"9":4,"10":4,"11":4,"12":0,"13":0,"14":0,"15":0,"16":0,"17":0,"18":4,"19":7},"f":{"0":7,"1":7,"2":0},"b":{"0":[5],"1":[2,5],"2":[3],"3":[7,5],"4":[0],"5":[0],"6":[2,5],"7":[7],"8":[1,0],"9":[1,0],"10":[2,5],"11":[2,5]}}
,"C:\\Users\\YJ413NP\\Documents\\orasis-tech-challenges\\dashboard-app\\src\\hooks\\useDashboard.ts": {"path":"C:\\Users\\YJ413NP\\Documents\\orasis-tech-challenges\\dashboard-app\\src\\hooks\\useDashboard.ts","statementMap":{"0":{"start":{"line":50,"column":16},"end":{"line":50,"column":35}},"1":{"start":{"line":12,"column":16},"end":{"line":12,"column":28}},"2":{"start":{"line":1,"column":49},"end":{"line":1,"column":null}},"3":{"start":{"line":3,"column":38},"end":{"line":3,"column":null}},"4":{"start":{"line":13,"column":26},"end":{"line":13,"column":null}},"5":{"start":{"line":14,"column":32},"end":{"line":14,"column":null}},"6":{"start":{"line":15,"column":28},"end":{"line":15,"column":null}},"7":{"start":{"line":17,"column":20},"end":{"line":32,"column":null}},"8":{"start":{"line":18,"column":4},"end":{"line":31,"column":null}},"9":{"start":{"line":19,"column":6},"end":{"line":19,"column":null}},"10":{"start":{"line":20,"column":23},"end":{"line":20,"column":null}},"11":{"start":{"line":22,"column":6},"end":{"line":26,"column":null}},"12":{"start":{"line":23,"column":8},"end":{"line":23,"column":null}},"13":{"start":{"line":25,"column":8},"end":{"line":25,"column":null}},"14":{"start":{"line":28,"column":6},"end":{"line":28,"column":null}},"15":{"start":{"line":30,"column":6},"end":{"line":30,"column":null}},"16":{"start":{"line":34,"column":18},"end":{"line":37,"column":null}},"17":{"start":{"line":35,"column":4},"end":{"line":35,"column":null}},"18":{"start":{"line":36,"column":4},"end":{"line":36,"column":null}},"19":{"start":{"line":39,"column":2},"end":{"line":45,"column":null}},"20":{"start":{"line":40,"column":4},"end":{"line":40,"column":null}},"21":{"start":{"line":42,"column":21},"end":{"line":42,"column":null}},"22":{"start":{"line":44,"column":4},"end":{"line":44,"column":null}},"23":{"start":{"line":44,"column":17},"end":{"line":44,"column":null}},"24":{"start":{"line":47,"column":2},"end":{"line":47,"column":null}},"25":{"start":{"line":51,"column":28},"end":{"line":51,"column":null}},"26":{"start":{"line":53,"column":2},"end":{"line":64,"column":null}},"27":{"start":{"line":54,"column":40},"end":{"line":54,"column":null}},"28":{"start":{"line":55,"column":17},"end":{"line":62,"column":null}},"29":{"start":{"line":56,"column":6},"end":{"line":56,"column":null}},"30":{"start":{"line":56,"column":27},"end":{"line":56,"column":null}},"31":{"start":{"line":57,"column":23},"end":{"line":57,"column":null}},"32":{"start":{"line":58,"column":6},"end":{"line":58,"column":null}},"33":{"start":{"line":59,"column":6},"end":{"line":61,"column":null}},"34":{"start":{"line":60,"column":8},"end":{"line":60,"column":null}},"35":{"start":{"line":63,"column":4},"end":{"line":63,"column":null}},"36":{"start":{"line":66,"column":2},"end":{"line":66,"column":null}}},"fnMap":{"0":{"name":"useDashboard","decl":{"start":{"line":12,"column":16},"end":{"line":12,"column":28}},"loc":{"start":{"line":12,"column":60},"end":{"line":48,"column":null}}},"1":{"name":"(anonymous_4)","decl":{"start":{"line":17,"column":32},"end":{"line":17,"column":null}},"loc":{"start":{"line":17,"column":32},"end":{"line":32,"column":5}}},"2":{"name":"(anonymous_5)","decl":{"start":{"line":34,"column":30},"end":{"line":34,"column":null}},"loc":{"start":{"line":34,"column":30},"end":{"line":37,"column":5}}},"3":{"name":"(anonymous_6)","decl":{"start":{"line":39,"column":12},"end":{"line":39,"column":null}},"loc":{"start":{"line":39,"column":12},"end":{"line":45,"column":5}}},"4":{"name":"(anonymous_7)","decl":{"start":{"line":44,"column":11},"end":{"line":44,"column":17}},"loc":{"start":{"line":44,"column":17},"end":{"line":44,"column":null}}},"5":{"name":"useCounterAnimation","decl":{"start":{"line":50,"column":16},"end":{"line":50,"column":35}},"loc":{"start":{"line":50,"column":72},"end":{"line":67,"column":null}}},"6":{"name":"(anonymous_9)","decl":{"start":{"line":53,"column":12},"end":{"line":53,"column":null}},"loc":{"start":{"line":53,"column":12},"end":{"line":64,"column":5}}},"7":{"name":"(anonymous_10)","decl":{"start":{"line":55,"column":17},"end":{"line":55,"column":18}},"loc":{"start":{"line":55,"column":18},"end":{"line":62,"column":null}}}},"branchMap":{"0":{"loc":{"start":{"line":12,"column":29},"end":{"line":12,"column":60}},"type":"default-arg","locations":[{"start":{"line":12,"column":55},"end":{"line":12,"column":60}}]},"1":{"loc":{"start":{"line":22,"column":6},"end":{"line":26,"column":null}},"type":"if","locations":[{"start":{"line":22,"column":6},"end":{"line":26,"column":null}},{"start":{"line":24,"column":13},"end":{"line":26,"column":null}}]},"2":{"loc":{"start":{"line":22,"column":10},"end":{"line":22,"column":43}},"type":"binary-expr","locations":[{"start":{"line":22,"column":10},"end":{"line":22,"column":26}},{"start":{"line":22,"column":30},"end":{"line":22,"column":43}}]},"3":{"loc":{"start":{"line":25,"column":17},"end":{"line":25,"column":null}},"type":"binary-expr","locations":[{"start":{"line":25,"column":17},"end":{"line":25,"column":31}},{"start":{"line":25,"column":35},"end":{"line":25,"column":null}}]},"4":{"loc":{"start":{"line":50,"column":49},"end":{"line":50,"column":72}},"type":"default-arg","locations":[{"start":{"line":50,"column":68},"end":{"line":50,"column":72}}]},"5":{"loc":{"start":{"line":56,"column":6},"end":{"line":56,"column":null}},"type":"if","locations":[{"start":{"line":56,"column":6},"end":{"line":56,"column":null}}]},"6":{"loc":{"start":{"line":59,"column":6},"end":{"line":61,"column":null}},"type":"if","locations":[{"start":{"line":59,"column":6},"end":{"line":61,"column":null}}]}},"s":{"0":1,"1":7,"2":2,"3":2,"4":6,"5":6,"6":6,"7":6,"8":3,"9":3,"10":3,"11":2,"12":1,"13":1,"14":1,"15":3,"16":6,"17":0,"18":0,"19":6,"20":3,"21":3,"22":3,"23":3,"24":6,"25":0,"26":0,"27":0,"28":0,"29":0,"30":0,"31":0,"32":0,"33":0,"34":0,"35":0,"36":0},"f":{"0":6,"1":3,"2":0,"3":3,"4":3,"5":0,"6":0,"7":0},"b":{"0":[0],"1":[1,1],"2":[2,1],"3":[1,0],"4":[0],"5":[0],"6":[0]}}
,"C:\\Users\\YJ413NP\\Documents\\orasis-tech-challenges\\dashboard-app\\src\\utils\\api.ts": {"path":"C:\\Users\\YJ413NP\\Documents\\orasis-tech-challenges\\dashboard-app\\src\\utils\\api.ts","statementMap":{"0":{"start":{"line":38,"column":16},"end":{"line":38,"column":38}},"1":{"start":{"line":3,"column":22},"end":{"line":3,"column":43}},"2":{"start":{"line":42,"column":16},"end":{"line":42,"column":28}},"3":{"start":{"line":52,"column":16},"end":{"line":52,"column":31}},"4":{"start":{"line":4,"column":2},"end":{"line":35,"column":null}},"5":{"start":{"line":5,"column":4},"end":{"line":5,"column":null}},"6":{"start":{"line":5,"column":33},"end":{"line":5,"column":null}},"7":{"start":{"line":7,"column":36},"end":{"line":20,"column":null}},"8":{"start":{"line":22,"column":21},"end":{"line":22,"column":null}},"9":{"start":{"line":23,"column":4},"end":{"line":23,"column":null}},"10":{"start":{"line":24,"column":4},"end":{"line":24,"column":null}},"11":{"start":{"line":26,"column":4},"end":{"line":29,"column":null}},"12":{"start":{"line":31,"column":4},"end":{"line":34,"column":null}},"13":{"start":{"line":39,"column":2},"end":{"line":39,"column":null}},"14":{"start":{"line":43,"column":2},"end":{"line":45,"column":null}},"15":{"start":{"line":44,"column":4},"end":{"line":44,"column":null}},"16":{"start":{"line":46,"column":2},"end":{"line":48,"column":null}},"17":{"start":{"line":47,"column":4},"end":{"line":47,"column":null}},"18":{"start":{"line":49,"column":2},"end":{"line":49,"column":null}},"19":{"start":{"line":53,"column":2},"end":{"line":61,"column":null}}},"fnMap":{"0":{"name":"fetchDashboardMetrics","decl":{"start":{"line":3,"column":22},"end":{"line":3,"column":43}},"loc":{"start":{"line":3,"column":22},"end":{"line":36,"column":null}}},"1":{"name":"(anonymous_6)","decl":{"start":{"line":5,"column":22},"end":{"line":5,"column":33}},"loc":{"start":{"line":5,"column":33},"end":{"line":5,"column":null}}},"2":{"name":"calculateInactiveUsers","decl":{"start":{"line":38,"column":16},"end":{"line":38,"column":38}},"loc":{"start":{"line":38,"column":68},"end":{"line":40,"column":null}}},"3":{"name":"formatNumber","decl":{"start":{"line":42,"column":16},"end":{"line":42,"column":28}},"loc":{"start":{"line":42,"column":40},"end":{"line":50,"column":null}}},"4":{"name":"sanitizeMetrics","decl":{"start":{"line":52,"column":16},"end":{"line":52,"column":31}},"loc":{"start":{"line":52,"column":44},"end":{"line":62,"column":null}}}},"branchMap":{"0":{"loc":{"start":{"line":43,"column":2},"end":{"line":45,"column":null}},"type":"if","locations":[{"start":{"line":43,"column":2},"end":{"line":45,"column":null}}]},"1":{"loc":{"start":{"line":46,"column":2},"end":{"line":48,"column":null}},"type":"if","locations":[{"start":{"line":46,"column":2},"end":{"line":48,"column":null}}]},"2":{"loc":{"start":{"line":54,"column":17},"end":{"line":56,"column":null}},"type":"cond-expr","locations":[{"start":{"line":55,"column":8},"end":{"line":55,"column":null}},{"start":{"line":56,"column":8},"end":{"line":56,"column":null}}]},"3":{"loc":{"start":{"line":56,"column":8},"end":{"line":56,"column":null}},"type":"binary-expr","locations":[{"start":{"line":56,"column":8},"end":{"line":56,"column":27}},{"start":{"line":56,"column":31},"end":{"line":56,"column":null}}]},"4":{"loc":{"start":{"line":57,"column":18},"end":{"line":57,"column":null}},"type":"binary-expr","locations":[{"start":{"line":57,"column":18},"end":{"line":57,"column":38}},{"start":{"line":57,"column":42},"end":{"line":57,"column":null}}]},"5":{"loc":{"start":{"line":58,"column":20},"end":{"line":59,"column":null}},"type":"binary-expr","locations":[{"start":{"line":58,"column":20},"end":{"line":58,"column":42}},{"start":{"line":59,"column":6},"end":{"line":59,"column":null}}]},"6":{"loc":{"start":{"line":59,"column":29},"end":{"line":59,"column":55}},"type":"binary-expr","locations":[{"start":{"line":59,"column":29},"end":{"line":59,"column":48}},{"start":{"line":59,"column":52},"end":{"line":59,"column":55}}]},"7":{"loc":{"start":{"line":59,"column":55},"end":{"line":59,"column":null}},"type":"binary-expr","locations":[{"start":{"line":59,"column":55},"end":{"line":59,"column":75}},{"start":{"line":59,"column":79},"end":{"line":59,"column":null}}]},"8":{"loc":{"start":{"line":60,"column":17},"end":{"line":60,"column":null}},"type":"binary-expr","locations":[{"start":{"line":60,"column":17},"end":{"line":60,"column":36}},{"start":{"line":60,"column":40},"end":{"line":60,"column":null}}]}},"s":{"0":4,"1":5,"2":19,"3":3,"4":4,"5":4,"6":4,"7":4,"8":4,"9":4,"10":4,"11":4,"12":0,"13":5,"14":18,"15":2,"16":16,"17":8,"18":8,"19":2},"f":{"0":4,"1":4,"2":5,"3":18,"4":2},"b":{"0":[2],"1":[8],"2":[1,1],"3":[1,1],"4":[2,1],"5":[2,2],"6":[2,1],"7":[2,1],"8":[2,2]}}
}
