TN:
SF:src\app\page.tsx
FN:3,Home
FNF:1
FNH:0
FNDA:0,Home
DA:1,0
DA:3,0
DA:4,0
DA:7,0
LF:4
LH:0
BRF:0
BRH:0
end_of_record
TN:
SF:src\components\Dashboard.tsx
FN:9,Dashboard
FN:120,(anonymous_3)
FNF:2
FNH:2
FNDA:7,Dashboard
FNDA:16,(anonymous_3)
DA:3,1
DA:4,1
DA:5,1
DA:6,1
DA:7,1
DA:9,7
DA:10,7
DA:12,7
DA:22,7
DA:27,7
DA:31,6
DA:35,5
DA:39,4
DA:121,16
LF:14
LH:14
BRDA:27,0,0,1
BRDA:27,1,0,7
BRDA:27,1,1,2
BRDA:31,2,0,1
BRDA:31,3,0,6
BRDA:31,3,1,1
BRDA:35,4,0,1
BRDA:56,5,0,4
BRDA:56,5,1,1
BRDA:63,6,0,4
BRDA:63,6,1,1
BRDA:107,7,0,1
BRDA:107,7,1,3
BRDA:108,8,0,1
BRDA:108,8,1,3
BRDA:171,9,0,4
BRDA:171,9,1,1
BRF:17
BRH:17
end_of_record
TN:
SF:src\components\ErrorMessage.tsx
FN:10,ErrorMessage
FNF:1
FNH:1
FNDA:3,ErrorMessage
DA:3,1
DA:10,3
LF:2
LH:2
BRDA:24,0,0,3
BRF:1
BRH:1
end_of_record
TN:
SF:src\components\LoadingSpinner.tsx
FN:10,LoadingSpinner
FNF:1
FNH:1
FNDA:4,LoadingSpinner
DA:3,1
DA:10,4
DA:11,4
DA:17,4
LF:4
LH:4
BRDA:10,0,0,2
BRDA:37,1,0,4
BRF:2
BRH:2
end_of_record
TN:
SF:src\components\MetricCard.tsx
FN:8,MetricCard
FN:19,(anonymous_2)
FN:25,(anonymous_3)
FNF:3
FNH:2
FNDA:7,MetricCard
FNDA:7,(anonymous_2)
FNDA:0,(anonymous_3)
DA:3,1
DA:4,1
DA:6,1
DA:8,7
DA:16,7
DA:17,7
DA:19,7
DA:20,7
DA:22,4
DA:23,4
DA:25,4
DA:26,0
DA:27,0
DA:28,0
DA:29,0
DA:30,0
DA:34,4
DA:37,7
LF:18
LH:13
BRDA:14,0,0,5
BRDA:17,1,0,2
BRDA:17,1,1,5
BRDA:20,2,0,3
BRDA:20,3,0,7
BRDA:20,3,1,5
BRDA:26,4,0,0
BRDA:29,5,0,0
BRDA:52,6,0,2
BRDA:52,6,1,5
BRDA:70,7,0,7
BRDA:73,8,0,1
BRDA:73,8,1,0
BRDA:76,9,0,1
BRDA:76,9,1,0
BRDA:88,10,0,2
BRDA:88,10,1,5
BRDA:107,11,0,2
BRDA:107,11,1,5
BRF:19
BRH:15
end_of_record
TN:
SF:src\hooks\useDashboard.ts
FN:12,useDashboard
FN:17,(anonymous_4)
FN:34,(anonymous_5)
FN:39,(anonymous_6)
FN:44,(anonymous_7)
FN:50,useCounterAnimation
FN:53,(anonymous_9)
FN:55,(anonymous_10)
FNF:8
FNH:4
FNDA:6,useDashboard
FNDA:3,(anonymous_4)
FNDA:0,(anonymous_5)
FNDA:3,(anonymous_6)
FNDA:3,(anonymous_7)
FNDA:0,useCounterAnimation
FNDA:0,(anonymous_9)
FNDA:0,(anonymous_10)
DA:1,2
DA:3,2
DA:12,7
DA:13,6
DA:14,6
DA:15,6
DA:17,6
DA:18,3
DA:19,3
DA:20,3
DA:22,2
DA:23,1
DA:25,1
DA:28,1
DA:30,3
DA:34,6
DA:35,0
DA:36,0
DA:39,6
DA:40,3
DA:42,3
DA:44,3
DA:47,6
DA:50,1
DA:51,0
DA:53,0
DA:54,0
DA:55,0
DA:56,0
DA:57,0
DA:58,0
DA:59,0
DA:60,0
DA:63,0
DA:66,0
LF:35
LH:22
BRDA:12,0,0,0
BRDA:22,1,0,1
BRDA:22,1,1,1
BRDA:22,2,0,2
BRDA:22,2,1,1
BRDA:25,3,0,1
BRDA:25,3,1,0
BRDA:50,4,0,0
BRDA:56,5,0,0
BRDA:59,6,0,0
BRF:10
BRH:5
end_of_record
TN:
SF:src\utils\api.ts
FN:3,fetchDashboardMetrics
FN:5,(anonymous_6)
FN:38,calculateInactiveUsers
FN:42,formatNumber
FN:52,sanitizeMetrics
FNF:5
FNH:5
FNDA:4,fetchDashboardMetrics
FNDA:4,(anonymous_6)
FNDA:5,calculateInactiveUsers
FNDA:18,formatNumber
FNDA:2,sanitizeMetrics
DA:3,5
DA:4,4
DA:5,4
DA:7,4
DA:22,4
DA:23,4
DA:24,4
DA:26,4
DA:31,0
DA:38,4
DA:39,5
DA:42,19
DA:43,18
DA:44,2
DA:46,16
DA:47,8
DA:49,8
DA:52,3
DA:53,2
LF:19
LH:18
BRDA:43,0,0,2
BRDA:46,1,0,8
BRDA:54,2,0,1
BRDA:54,2,1,1
BRDA:56,3,0,1
BRDA:56,3,1,1
BRDA:57,4,0,2
BRDA:57,4,1,1
BRDA:58,5,0,2
BRDA:58,5,1,2
BRDA:59,6,0,2
BRDA:59,6,1,1
BRDA:59,7,0,2
BRDA:59,7,1,1
BRDA:60,8,0,2
BRDA:60,8,1,2
BRF:16
BRH:16
end_of_record
